Logfile initialized
[INFO] logfile = /Users/takezoux3/Documents/Titanium_Studio_Workspace/PhotoUploader/build.log
[DEBUG] /Users/takezoux3/Library/Application Support/Titanium/mobilesdk/osx/2.1.4.GA/android/builder.py install PhotoUploader /Users/takezoux3/Downloads/adt-bundle-mac/sdk /Users/takezoux3/Documents/Titanium_Studio_Workspace/PhotoUploader jp.utokyo.wss.photo.upload 3
[INFO] Titanium SDK version: 2.1.4 (11/09/12 12:46 51f2c64)
[DEBUG] Waiting for device to be ready ...
[TRACE] adb devices returned 1 devices/emulators
[DEBUG] Device connected... (waited 0 seconds)
[DEBUG] waited 0.019083 seconds on emulator to get ready
[DEBUG] jp.utokyo.wss.photo.upload installed? False
[INFO] Copying CommonJS modules...
[INFO] Copying project resources..
[TRACE] COPYING MODIFIED FILE: /Users/takezoux3/Documents/Titanium_Studio_Workspace/PhotoUploader/Resources/ui/common/APIClient.js => /Users/takezoux3/Documents/Titanium_Studio_Workspace/PhotoUploader/build/android/bin/assets/Resources/ui/common/APIClient.js
[TRACE] COPYING MODIFIED FILE: /Users/takezoux3/Documents/Titanium_Studio_Workspace/PhotoUploader/Resources/ui/common/ApplicationTabGroup.js => /Users/takezoux3/Documents/Titanium_Studio_Workspace/PhotoUploader/build/android/bin/assets/Resources/ui/common/ApplicationTabGroup.js
[TRACE] COPYING MODIFIED FILE: /Users/takezoux3/Documents/Titanium_Studio_Workspace/PhotoUploader/Resources/ui/common/HomeWindow.js => /Users/takezoux3/Documents/Titanium_Studio_Workspace/PhotoUploader/build/android/bin/assets/Resources/ui/common/HomeWindow.js
[TRACE] COPYING MODIFIED FILE: /Users/takezoux3/Documents/Titanium_Studio_Workspace/PhotoUploader/Resources/ui/common/MapWindow.js => /Users/takezoux3/Documents/Titanium_Studio_Workspace/PhotoUploader/build/android/bin/assets/Resources/ui/common/MapWindow.js
[TRACE] COPYING MODIFIED FILE: /Users/takezoux3/Documents/Titanium_Studio_Workspace/PhotoUploader/Resources/ui/common/SettingWindow.js => /Users/takezoux3/Documents/Titanium_Studio_Workspace/PhotoUploader/build/android/bin/assets/Resources/ui/common/SettingWindow.js
[TRACE] Generating Java Classes
[DEBUG] Processing Android resource drawables
[DEBUG] copying app icon: /Users/takezoux3/Documents/Titanium_Studio_Workspace/PhotoUploader/build/android/bin/assets/Resources/appicon.png
[DEBUG] generating theme.xml
[DEBUG] found drawable-long-land-hdpi splash screen at /Users/takezoux3/Documents/Titanium_Studio_Workspace/PhotoUploader/Resources/android/images/res-long-land-hdpi/default.png
[DEBUG] copying /Users/takezoux3/Documents/Titanium_Studio_Workspace/PhotoUploader/Resources/android/images/res-long-land-hdpi/default.png splash screen to /Users/takezoux3/Documents/Titanium_Studio_Workspace/PhotoUploader/build/android/res/drawable-long-land-hdpi/background.png
[DEBUG] found drawable-long-land-ldpi splash screen at /Users/takezoux3/Documents/Titanium_Studio_Workspace/PhotoUploader/Resources/android/images/res-long-land-ldpi/default.png
[DEBUG] copying /Users/takezoux3/Documents/Titanium_Studio_Workspace/PhotoUploader/Resources/android/images/res-long-land-ldpi/default.png splash screen to /Users/takezoux3/Documents/Titanium_Studio_Workspace/PhotoUploader/build/android/res/drawable-long-land-ldpi/background.png
[DEBUG] found drawable-long-port-hdpi splash screen at /Users/takezoux3/Documents/Titanium_Studio_Workspace/PhotoUploader/Resources/android/images/res-long-port-hdpi/default.png
[DEBUG] copying /Users/takezoux3/Documents/Titanium_Studio_Workspace/PhotoUploader/Resources/android/images/res-long-port-hdpi/default.png splash screen to /Users/takezoux3/Documents/Titanium_Studio_Workspace/PhotoUploader/build/android/res/drawable-long-port-hdpi/background.png
[DEBUG] found drawable-long-port-ldpi splash screen at /Users/takezoux3/Documents/Titanium_Studio_Workspace/PhotoUploader/Resources/android/images/res-long-port-ldpi/default.png
[DEBUG] copying /Users/takezoux3/Documents/Titanium_Studio_Workspace/PhotoUploader/Resources/android/images/res-long-port-ldpi/default.png splash screen to /Users/takezoux3/Documents/Titanium_Studio_Workspace/PhotoUploader/build/android/res/drawable-long-port-ldpi/background.png
[DEBUG] found drawable-notlong-land-hdpi splash screen at /Users/takezoux3/Documents/Titanium_Studio_Workspace/PhotoUploader/Resources/android/images/res-notlong-land-hdpi/default.png
[DEBUG] copying /Users/takezoux3/Documents/Titanium_Studio_Workspace/PhotoUploader/Resources/android/images/res-notlong-land-hdpi/default.png splash screen to /Users/takezoux3/Documents/Titanium_Studio_Workspace/PhotoUploader/build/android/res/drawable-notlong-land-hdpi/background.png
[DEBUG] found drawable-notlong-land-ldpi splash screen at /Users/takezoux3/Documents/Titanium_Studio_Workspace/PhotoUploader/Resources/android/images/res-notlong-land-ldpi/default.png
[DEBUG] copying /Users/takezoux3/Documents/Titanium_Studio_Workspace/PhotoUploader/Resources/android/images/res-notlong-land-ldpi/default.png splash screen to /Users/takezoux3/Documents/Titanium_Studio_Workspace/PhotoUploader/build/android/res/drawable-notlong-land-ldpi/background.png
[DEBUG] found drawable-notlong-land-mdpi splash screen at /Users/takezoux3/Documents/Titanium_Studio_Workspace/PhotoUploader/Resources/android/images/res-notlong-land-mdpi/default.png
[DEBUG] copying /Users/takezoux3/Documents/Titanium_Studio_Workspace/PhotoUploader/Resources/android/images/res-notlong-land-mdpi/default.png splash screen to /Users/takezoux3/Documents/Titanium_Studio_Workspace/PhotoUploader/build/android/res/drawable-notlong-land-mdpi/background.png
[DEBUG] found drawable-notlong-port-hdpi splash screen at /Users/takezoux3/Documents/Titanium_Studio_Workspace/PhotoUploader/Resources/android/images/res-notlong-port-hdpi/default.png
[DEBUG] copying /Users/takezoux3/Documents/Titanium_Studio_Workspace/PhotoUploader/Resources/android/images/res-notlong-port-hdpi/default.png splash screen to /Users/takezoux3/Documents/Titanium_Studio_Workspace/PhotoUploader/build/android/res/drawable-notlong-port-hdpi/background.png
[DEBUG] found drawable-notlong-port-ldpi splash screen at /Users/takezoux3/Documents/Titanium_Studio_Workspace/PhotoUploader/Resources/android/images/res-notlong-port-ldpi/default.png
[DEBUG] copying /Users/takezoux3/Documents/Titanium_Studio_Workspace/PhotoUploader/Resources/android/images/res-notlong-port-ldpi/default.png splash screen to /Users/takezoux3/Documents/Titanium_Studio_Workspace/PhotoUploader/build/android/res/drawable-notlong-port-ldpi/background.png
[DEBUG] found drawable-notlong-port-mdpi splash screen at /Users/takezoux3/Documents/Titanium_Studio_Workspace/PhotoUploader/Resources/android/images/res-notlong-port-mdpi/default.png
[DEBUG] copying /Users/takezoux3/Documents/Titanium_Studio_Workspace/PhotoUploader/Resources/android/images/res-notlong-port-mdpi/default.png splash screen to /Users/takezoux3/Documents/Titanium_Studio_Workspace/PhotoUploader/build/android/res/drawable-notlong-port-mdpi/background.png
[DEBUG] found splash screen at /Users/takezoux3/Documents/Titanium_Studio_Workspace/PhotoUploader/build/android/bin/assets/Resources/default.png
[TRACE] Writing out AndroidManifest.xml
[DEBUG] adding /Users/takezoux3/Documents/Titanium_Studio_Workspace/PhotoUploader/build/android/gen/jp/utokyo/wss/photo/upload/PhotouploaderActivity.java to javac build list
[DEBUG] adding /Users/takezoux3/Documents/Titanium_Studio_Workspace/PhotoUploader/build/android/gen/jp/utokyo/wss/photo/upload/PhotouploaderAppInfo.java to javac build list
[DEBUG] adding /Users/takezoux3/Documents/Titanium_Studio_Workspace/PhotoUploader/build/android/gen/jp/utokyo/wss/photo/upload/PhotouploaderApplication.java to javac build list
[DEBUG] adding /Users/takezoux3/Documents/Titanium_Studio_Workspace/PhotoUploader/build/android/gen/jp/utokyo/wss/photo/upload/R.java to javac build list
[DEBUG] Building Java Sources: "/Users/takezoux3/Documents/Titanium_Studio_Workspace/PhotoUploader/build/android/gen/jp/utokyo/wss/photo/upload/PhotouploaderActivity.java" "/Users/takezoux3/Documents/Titanium_Studio_Workspace/PhotoUploader/build/android/gen/jp/utokyo/wss/photo/upload/PhotouploaderAppInfo.java" "/Users/takezoux3/Documents/Titanium_Studio_Workspace/PhotoUploader/build/android/gen/jp/utokyo/wss/photo/upload/PhotouploaderApplication.java" "/Users/takezoux3/Documents/Titanium_Studio_Workspace/PhotoUploader/build/android/gen/jp/utokyo/wss/photo/upload/R.java"
[INFO] Compiling Android Resources... This could take some time
[DEBUG] Android classes.dex built
[DEBUG] creating unsigned apk: /Users/takezoux3/Documents/Titanium_Studio_Workspace/PhotoUploader/build/android/bin/app-unsigned.apk
[DEBUG] from resource zip => assets/Resources/images/KS_nav_ui.png
[DEBUG] from resource zip => assets/Resources/images/KS_nav_views.png
[DEBUG] from resource zip => assets/Resources/ui/common/APIClient.js
[DEBUG] from resource zip => assets/Resources/ui/common/ApplicationTabGroup.js
[DEBUG] from resource zip => assets/Resources/ui/common/CameraWindow.js
[DEBUG] from resource zip => assets/Resources/ui/common/CreateUserWindow.js
[DEBUG] from resource zip => assets/Resources/ui/common/HomeWindow.js
[DEBUG] from resource zip => assets/Resources/ui/common/LoginWindow.js
[DEBUG] from resource zip => assets/Resources/ui/common/MapWindow.js
[DEBUG] from resource zip => assets/Resources/ui/common/PhotoUploadWindow.js
[DEBUG] from resource zip => assets/Resources/ui/common/SettingWindow.js
[DEBUG] from resource zip => assets/Resources/ui/handheld/ApplicationWindow.js
[DEBUG] from resource zip => assets/Resources/ui/tablet/ApplicationWindow.js
[DEBUG] from resource zip => assets/Resources/KS_nav_ui.png
[DEBUG] from resource zip => assets/Resources/KS_nav_views.png
[DEBUG] from resource zip => assets/Resources/app.js
[DEBUG] from resource zip => assets/Resources/appicon.png
[DEBUG] from resource zip => assets/Resources/default.png
[DEBUG] from resource zip => assets/app.json
[DEBUG] from resource zip => assets/index.json
[DEBUG] from resource zip => assets/tiapp.xml
[DEBUG] from resource zip => res/drawable/appicon.png
[DEBUG] from resource zip => res/drawable/background.png
[DEBUG] from resource zip => res/layout/titanium_tabgroup.xml
[DEBUG] from resource zip => AndroidManifest.xml
[DEBUG] from resource zip => resources.arsc
[DEBUG] from resource zip => res/drawable-long-land-hdpi/background.png
[DEBUG] from resource zip => res/drawable-long-land-ldpi/background.png
[DEBUG] from resource zip => res/drawable-long-port-hdpi/background.png
[DEBUG] from resource zip => res/drawable-long-port-ldpi/background.png
[DEBUG] from resource zip => res/drawable-notlong-land-hdpi/background.png
[DEBUG] from resource zip => res/drawable-notlong-land-ldpi/background.png
[DEBUG] from resource zip => res/drawable-notlong-land-mdpi/background.png
[DEBUG] from resource zip => res/drawable-notlong-port-hdpi/background.png
[DEBUG] from resource zip => res/drawable-notlong-port-ldpi/background.png
[DEBUG] from resource zip => res/drawable-notlong-port-mdpi/background.png
[DEBUG] from JAR /Users/takezoux3/Library/Application Support/Titanium/mobilesdk/osx/2.1.4.GA/android/titanium.jar => org/appcelerator/titanium/build.properties
[DEBUG] from JAR /Users/takezoux3/Library/Application Support/Titanium/mobilesdk/osx/2.1.4.GA/android/titanium.jar => org/appcelerator/titanium/res/drawable/background.png
[DEBUG] from JAR /Users/takezoux3/Library/Application Support/Titanium/mobilesdk/osx/2.1.4.GA/android/titanium.jar => org/appcelerator/titanium/res/drawable/btn_check_buttonless_on.png
[DEBUG] from JAR /Users/takezoux3/Library/Application Support/Titanium/mobilesdk/osx/2.1.4.GA/android/titanium.jar => org/appcelerator/titanium/res/drawable/btn_check_buttonless_on_18.png
[DEBUG] from JAR /Users/takezoux3/Library/Application Support/Titanium/mobilesdk/osx/2.1.4.GA/android/titanium.jar => org/appcelerator/titanium/res/drawable/btn_check_buttonless_on_48.png
[DEBUG] from JAR /Users/takezoux3/Library/Application Support/Titanium/mobilesdk/osx/2.1.4.GA/android/titanium.jar => org/appcelerator/titanium/res/drawable/btn_more.png
[DEBUG] from JAR /Users/takezoux3/Library/Application Support/Titanium/mobilesdk/osx/2.1.4.GA/android/titanium.jar => org/appcelerator/titanium/res/drawable/btn_more_18.png
[DEBUG] from JAR /Users/takezoux3/Library/Application Support/Titanium/mobilesdk/osx/2.1.4.GA/android/titanium.jar => org/appcelerator/titanium/res/drawable/btn_more_48.png
[DEBUG] from JAR /Users/takezoux3/Library/Application Support/Titanium/mobilesdk/osx/2.1.4.GA/android/titanium.jar => org/appcelerator/titanium/res/drawable/btn_picker_normal.9.png
[DEBUG] from JAR /Users/takezoux3/Library/Application Support/Titanium/mobilesdk/osx/2.1.4.GA/android/titanium.jar => org/appcelerator/titanium/res/drawable/btn_picker_pressed.9.png
[DEBUG] from JAR /Users/takezoux3/Library/Application Support/Titanium/mobilesdk/osx/2.1.4.GA/android/titanium.jar => org/appcelerator/titanium/res/drawable/btn_picker_selected.9.png
[DEBUG] from JAR /Users/takezoux3/Library/Application Support/Titanium/mobilesdk/osx/2.1.4.GA/android/titanium.jar => org/appcelerator/titanium/res/drawable/default_icon.png
[DEBUG] from JAR /Users/takezoux3/Library/Application Support/Titanium/mobilesdk/osx/2.1.4.GA/android/titanium.jar => org/appcelerator/titanium/res/drawable/photoDefault.png
[DEBUG] from JAR /Users/takezoux3/Library/Application Support/Titanium/mobilesdk/osx/2.1.4.GA/android/modules/titanium-ui.jar => ti/modules/titanium/ui/widget/webview/binding.js
[DEBUG] from JAR /Users/takezoux3/Library/Application Support/Titanium/mobilesdk/osx/2.1.4.GA/android/modules/titanium-ui.jar => ti/modules/titanium/ui/widget/webview/binding.min.js
[DEBUG] from JAR /Users/takezoux3/Library/Application Support/Titanium/mobilesdk/osx/2.1.4.GA/android/modules/titanium-ui.jar => ti/modules/titanium/ui/widget/webview/json2.js
[DEBUG] from JAR /Users/takezoux3/Library/Application Support/Titanium/mobilesdk/osx/2.1.4.GA/android/modules/titanium-ui.jar => ti/modules/titanium/ui/widget/webview/polling.js
[DEBUG] from JAR /Users/takezoux3/Library/Application Support/Titanium/mobilesdk/osx/2.1.4.GA/android/modules/titanium-ui.jar => ti/modules/titanium/ui/widget/webview/polling.min.js
[DEBUG] from JAR /Users/takezoux3/Library/Application Support/Titanium/mobilesdk/osx/2.1.4.GA/android/thirdparty.jar => org/apache/Commons-NOTICE.txt
[DEBUG] from JAR /Users/takezoux3/Library/Application Support/Titanium/mobilesdk/osx/2.1.4.GA/android/thirdparty.jar => org/apache/HttpComponents-NOTICE.txt
[DEBUG] from JAR /Users/takezoux3/Library/Application Support/Titanium/mobilesdk/osx/2.1.4.GA/android/thirdparty.jar => org/apache/mime4j-NOTICE.txt
[DEBUG] installing native SDK libs
[DEBUG] Waiting for device to be ready ...
[TRACE] adb devices returned 1 devices/emulators
[DEBUG] Device connected... (waited 0 seconds)
[DEBUG] waited 0.018538 seconds on emulator to get ready
[INFO] Installing application on device
[INFO] Application installed. Launch from drawer on Home Screen
